<?xml version="1.0" encoding="UTF-8"?>
<testng-results ignored="0" total="2" passed="2" failed="0" skipped="0">
  <reporter-output>
  </reporter-output>
  <suite started-at="2021-06-25T21:19:41 EDT" name="Default suite" finished-at="2021-06-25T21:19:53 EDT" duration-ms="12414">
    <groups>
    </groups>
    <test started-at="2021-06-25T21:19:41 EDT" name="Default test" finished-at="2021-06-25T21:19:53 EDT" duration-ms="12414">
      <class name="kirat.Class2">
        <test-method is-config="true" signature="setUpClass()[pri:0, instance:kirat.Class2@446293d]" started-at="2021-06-25T21:19:41 EDT" name="setUpClass" finished-at="2021-06-25T21:19:41 EDT" duration-ms="10" status="PASS">
          <reporter-output>
          </reporter-output>
        </test-method> <!-- setUpClass -->
        <test-method signature="buttons()[pri:0, instance:kirat.Class2@446293d]" started-at="2021-06-25T21:19:41 EDT" name="buttons" finished-at="2021-06-25T21:19:47 EDT" duration-ms="6598" status="PASS">
          <reporter-output>
          </reporter-output>
        </test-method> <!-- buttons -->
        <test-method signature="imagess()[pri:0, instance:kirat.Class2@446293d]" started-at="2021-06-25T21:19:47 EDT" name="imagess" finished-at="2021-06-25T21:19:53 EDT" duration-ms="5747" status="PASS">
          <reporter-output>
          </reporter-output>
        </test-method> <!-- imagess -->
      </class> <!-- kirat.Class2 -->
    </test> <!-- Default test -->
  </suite> <!-- Default suite -->
</testng-results>
